<?xml version="1.0" encoding="UTF-8"?>
<testsuite name="br.com.zupacademy.achiley.keyManager.pix.DeletaPixEndpointTest" tests="1" skipped="0" failures="1" errors="0" timestamp="2021-08-31T16:42:30" hostname="ZUP-3737" time="0.838">
  <properties/>
  <testcase name="deve deletar uma chave pix()" classname="br.com.zupacademy.achiley.keyManager.pix.DeletaPixEndpointTest" time="0.838">
    <failure message="io.grpc.StatusRuntimeException: UNKNOWN: Erro inesperado! Por favor, tente novamente mais tarde." type="io.grpc.StatusRuntimeException">io.grpc.StatusRuntimeException: UNKNOWN: Erro inesperado! Por favor, tente novamente mais tarde.
	at app//io.grpc.stub.ClientCalls.toStatusRuntimeException(ClientCalls.java:262)
	at app//io.grpc.stub.ClientCalls.getUnchecked(ClientCalls.java:243)
	at app//io.grpc.stub.ClientCalls.blockingUnaryCall(ClientCalls.java:156)
	at app//br.com.zupacademy.achiley.KeyManagerDeleteServiceGrpc$KeyManagerDeleteServiceBlockingStub.deletar(KeyManagerDeleteServiceGrpc.java:156)
	at app//br.com.zupacademy.achiley.keyManager.pix.DeletaPixEndpointTest.deve deletar uma chave pix(DeletaPixEndpointTest.kt:58)
	at java.base@11.0.11/jdk.internal.reflect.NativeMethodAccessorImpl.invoke0(Native Method)
	at java.base@11.0.11/jdk.internal.reflect.NativeMethodAccessorImpl.invoke(NativeMethodAccessorImpl.java:62)
	at java.base@11.0.11/jdk.internal.reflect.DelegatingMethodAccessorImpl.invoke(DelegatingMethodAccessorImpl.java:43)
	at java.base@11.0.11/java.lang.reflect.Method.invoke(Method.java:566)
	at app//org.junit.platform.commons.util.ReflectionUtils.invokeMethod(ReflectionUtils.java:688)
	at app//org.junit.jupiter.engine.execution.MethodInvocation.proceed(MethodInvocation.java:60)
	at app//org.junit.jupiter.engine.execution.InvocationInterceptorChain$ValidatingInvocation.proceed(InvocationInterceptorChain.java:131)
	at app//org.junit.jupiter.api.extension.InvocationInterceptor.interceptTestMethod(InvocationInterceptor.java:117)
	at app//org.junit.jupiter.engine.execution.ExecutableInvoker$ReflectiveInterceptorCall.lambda$ofVoidMethod$0(ExecutableInvoker.java:115)
	at app//org.junit.jupiter.engine.execution.ExecutableInvoker.lambda$invoke$0(ExecutableInvoker.java:105)
	at app//org.junit.jupiter.engine.execution.InvocationInterceptorChain$InterceptedInvocation.proceed(InvocationInterceptorChain.java:106)
	at app//org.junit.jupiter.engine.extension.TimeoutExtension.intercept(TimeoutExtension.java:149)
	at app//org.junit.jupiter.engine.extension.TimeoutExtension.interceptTestableMethod(TimeoutExtension.java:140)
	at app//org.junit.jupiter.engine.extension.TimeoutExtension.interceptTestMethod(TimeoutExtension.java:84)
	at app//org.junit.jupiter.engine.execution.ExecutableInvoker$ReflectiveInterceptorCall.lambda$ofVoidMethod$0(ExecutableInvoker.java:115)
	at app//org.junit.jupiter.engine.execution.ExecutableInvoker.lambda$invoke$0(ExecutableInvoker.java:105)
	at app//org.junit.jupiter.engine.execution.InvocationInterceptorChain$InterceptedInvocation.proceed(InvocationInterceptorChain.java:106)
	at app//org.junit.jupiter.engine.execution.InvocationInterceptorChain.proceed(InvocationInterceptorChain.java:64)
	at app//org.junit.jupiter.engine.execution.InvocationInterceptorChain.chainAndInvoke(InvocationInterceptorChain.java:45)
	at app//org.junit.jupiter.engine.execution.InvocationInterceptorChain.invoke(InvocationInterceptorChain.java:37)
	at app//org.junit.jupiter.engine.execution.ExecutableInvoker.invoke(ExecutableInvoker.java:104)
	at app//org.junit.jupiter.engine.execution.ExecutableInvoker.invoke(ExecutableInvoker.java:98)
	at app//org.junit.jupiter.engine.descriptor.TestMethodTestDescriptor.lambda$invokeTestMethod$6(TestMethodTestDescriptor.java:210)
	at app//org.junit.platform.engine.support.hierarchical.ThrowableCollector.execute(ThrowableCollector.java:73)
	at app//org.junit.jupiter.engine.descriptor.TestMethodTestDescriptor.invokeTestMethod(TestMethodTestDescriptor.java:206)
	at app//org.junit.jupiter.engine.descriptor.TestMethodTestDescriptor.execute(TestMethodTestDescriptor.java:131)
	at app//org.junit.jupiter.engine.descriptor.TestMethodTestDescriptor.execute(TestMethodTestDescriptor.java:65)
	at app//org.junit.platform.engine.support.hierarchical.NodeTestTask.lambda$executeRecursively$5(NodeTestTask.java:139)
	at app//org.junit.platform.engine.support.hierarchical.ThrowableCollector.execute(ThrowableCollector.java:73)
	at app//org.junit.platform.engine.support.hierarchical.NodeTestTask.lambda$executeRecursively$7(NodeTestTask.java:129)
	at app//org.junit.platform.engine.support.hierarchical.Node.around(Node.java:137)
	at app//org.junit.platform.engine.support.hierarchical.NodeTestTask.lambda$executeRecursively$8(NodeTestTask.java:127)
	at app//org.junit.platform.engine.support.hierarchical.ThrowableCollector.execute(ThrowableCollector.java:73)
	at app//org.junit.platform.engine.support.hierarchical.NodeTestTask.executeRecursively(NodeTestTask.java:126)
	at app//org.junit.platform.engine.support.hierarchical.NodeTestTask.execute(NodeTestTask.java:84)
	at java.base@11.0.11/java.util.ArrayList.forEach(ArrayList.java:1541)
	at app//org.junit.platform.engine.support.hierarchical.SameThreadHierarchicalTestExecutorService.invokeAll(SameThreadHierarchicalTestExecutorService.java:38)
	at app//org.junit.platform.engine.support.hierarchical.NodeTestTask.lambda$executeRecursively$5(NodeTestTask.java:143)
	at app//org.junit.platform.engine.support.hierarchical.ThrowableCollector.execute(ThrowableCollector.java:73)
	at app//org.junit.platform.engine.support.hierarchical.NodeTestTask.lambda$executeRecursively$7(NodeTestTask.java:129)
	at app//org.junit.platform.engine.support.hierarchical.Node.around(Node.java:137)
	at app//org.junit.platform.engine.support.hierarchical.NodeTestTask.lambda$executeRecursively$8(NodeTestTask.java:127)
	at app//org.junit.platform.engine.support.hierarchical.ThrowableCollector.execute(ThrowableCollector.java:73)
	at app//org.junit.platform.engine.support.hierarchical.NodeTestTask.executeRecursively(NodeTestTask.java:126)
	at app//org.junit.platform.engine.support.hierarchical.NodeTestTask.execute(NodeTestTask.java:84)
	at java.base@11.0.11/java.util.ArrayList.forEach(ArrayList.java:1541)
	at app//org.junit.platform.engine.support.hierarchical.SameThreadHierarchicalTestExecutorService.invokeAll(SameThreadHierarchicalTestExecutorService.java:38)
	at app//org.junit.platform.engine.support.hierarchical.NodeTestTask.lambda$executeRecursively$5(NodeTestTask.java:143)
	at app//org.junit.platform.engine.support.hierarchical.ThrowableCollector.execute(ThrowableCollector.java:73)
	at app//org.junit.platform.engine.support.hierarchical.NodeTestTask.lambda$executeRecursively$7(NodeTestTask.java:129)
	at app//org.junit.platform.engine.support.hierarchical.Node.around(Node.java:137)
	at app//org.junit.platform.engine.support.hierarchical.NodeTestTask.lambda$executeRecursively$8(NodeTestTask.java:127)
	at app//org.junit.platform.engine.support.hierarchical.ThrowableCollector.execute(ThrowableCollector.java:73)
	at app//org.junit.platform.engine.support.hierarchical.NodeTestTask.executeRecursively(NodeTestTask.java:126)
	at app//org.junit.platform.engine.support.hierarchical.NodeTestTask.execute(NodeTestTask.java:84)
	at app//org.junit.platform.engine.support.hierarchical.SameThreadHierarchicalTestExecutorService.submit(SameThreadHierarchicalTestExecutorService.java:32)
	at app//org.junit.platform.engine.support.hierarchical.HierarchicalTestExecutor.execute(HierarchicalTestExecutor.java:57)
	at app//org.junit.platform.engine.support.hierarchical.HierarchicalTestEngine.execute(HierarchicalTestEngine.java:51)
	at org.junit.platform.launcher.core.EngineExecutionOrchestrator.execute(EngineExecutionOrchestrator.java:108)
	at org.junit.platform.launcher.core.EngineExecutionOrchestrator.execute(EngineExecutionOrchestrator.java:88)
	at org.junit.platform.launcher.core.EngineExecutionOrchestrator.lambda$execute$0(EngineExecutionOrchestrator.java:54)
	at org.junit.platform.launcher.core.EngineExecutionOrchestrator.withInterceptedStreams(EngineExecutionOrchestrator.java:67)
	at org.junit.platform.launcher.core.EngineExecutionOrchestrator.execute(EngineExecutionOrchestrator.java:52)
	at org.junit.platform.launcher.core.DefaultLauncher.execute(DefaultLauncher.java:96)
	at org.junit.platform.launcher.core.DefaultLauncher.execute(DefaultLauncher.java:75)
	at org.gradle.api.internal.tasks.testing.junitplatform.JUnitPlatformTestClassProcessor$CollectAllTestClassesExecutor.processAllTestClasses(JUnitPlatformTestClassProcessor.java:99)
	at org.gradle.api.internal.tasks.testing.junitplatform.JUnitPlatformTestClassProcessor$CollectAllTestClassesExecutor.access$000(JUnitPlatformTestClassProcessor.java:79)
	at org.gradle.api.internal.tasks.testing.junitplatform.JUnitPlatformTestClassProcessor.stop(JUnitPlatformTestClassProcessor.java:75)
	at org.gradle.api.internal.tasks.testing.SuiteTestClassProcessor.stop(SuiteTestClassProcessor.java:61)
	at java.base@11.0.11/jdk.internal.reflect.NativeMethodAccessorImpl.invoke0(Native Method)
	at java.base@11.0.11/jdk.internal.reflect.NativeMethodAccessorImpl.invoke(NativeMethodAccessorImpl.java:62)
	at java.base@11.0.11/jdk.internal.reflect.DelegatingMethodAccessorImpl.invoke(DelegatingMethodAccessorImpl.java:43)
	at java.base@11.0.11/java.lang.reflect.Method.invoke(Method.java:566)
	at org.gradle.internal.dispatch.ReflectionDispatch.dispatch(ReflectionDispatch.java:36)
	at org.gradle.internal.dispatch.ReflectionDispatch.dispatch(ReflectionDispatch.java:24)
	at org.gradle.internal.dispatch.ContextClassLoaderDispatch.dispatch(ContextClassLoaderDispatch.java:33)
	at org.gradle.internal.dispatch.ProxyDispatchAdapter$DispatchingInvocationHandler.invoke(ProxyDispatchAdapter.java:94)
	at com.sun.proxy.$Proxy2.stop(Unknown Source)
	at org.gradle.api.internal.tasks.testing.worker.TestWorker$3.run(TestWorker.java:193)
	at org.gradle.api.internal.tasks.testing.worker.TestWorker.executeAndMaintainThreadName(TestWorker.java:129)
	at org.gradle.api.internal.tasks.testing.worker.TestWorker.execute(TestWorker.java:100)
	at org.gradle.api.internal.tasks.testing.worker.TestWorker.execute(TestWorker.java:60)
	at org.gradle.process.internal.worker.child.ActionExecutionWorker.execute(ActionExecutionWorker.java:56)
	at org.gradle.process.internal.worker.child.SystemApplicationClassLoaderWorker.call(SystemApplicationClassLoaderWorker.java:133)
	at org.gradle.process.internal.worker.child.SystemApplicationClassLoaderWorker.call(SystemApplicationClassLoaderWorker.java:71)
	at app//worker.org.gradle.process.internal.worker.GradleWorkerMain.run(GradleWorkerMain.java:69)
	at app//worker.org.gradle.process.internal.worker.GradleWorkerMain.main(GradleWorkerMain.java:74)
</failure>
  </testcase>
  <system-out><![CDATA[?[36m13:42:28.086?[0;39m ?[1;30m[Test worker]?[0;39m ?[34mINFO ?[0;39m ?[35mi.m.context.env.DefaultEnvironment?[0;39m - Established active environments: [test]
?[36m13:42:28.615?[0;39m ?[1;30m[Test worker]?[0;39m ?[34mINFO ?[0;39m ?[35mcom.zaxxer.hikari.HikariDataSource?[0;39m - HikariPool-1 - Starting...
?[36m13:42:28.766?[0;39m ?[1;30m[Test worker]?[0;39m ?[34mINFO ?[0;39m ?[35mcom.zaxxer.hikari.HikariDataSource?[0;39m - HikariPool-1 - Start completed.
?[36m13:42:28.943?[0;39m ?[1;30m[Test worker]?[0;39m ?[34mINFO ?[0;39m ?[35morg.hibernate.Version?[0;39m - HHH000412: Hibernate ORM core version 5.5.3.Final
?[36m13:42:29.087?[0;39m ?[1;30m[Test worker]?[0;39m ?[34mINFO ?[0;39m ?[35mo.h.annotations.common.Version?[0;39m - HCANN000001: Hibernate Commons Annotations {5.1.2.Final}
?[36m13:42:29.199?[0;39m ?[1;30m[Test worker]?[0;39m ?[34mINFO ?[0;39m ?[35morg.hibernate.dialect.Dialect?[0;39m - HHH000400: Using dialect: org.hibernate.dialect.H2Dialect
Hibernate: create table chave_pix (pix_id varchar(255) not null, chave varchar(255) not null, cliente_id varchar(255), criado_em timestamp, tipo_de_chave varchar(255) not null, tipo_de_conta varchar(255), primary key (pix_id))
Hibernate: alter table chave_pix drop constraint if exists UK_2rc2bn1uhdfjiqgc3guec2xkv
Hibernate: alter table chave_pix add constraint UK_2rc2bn1uhdfjiqgc3guec2xkv unique (chave)
?[36m13:42:30.119?[0;39m ?[1;30m[Test worker]?[0;39m ?[34mINFO ?[0;39m ?[35mi.m.g.s.GrpcEmbeddedServerListener?[0;39m - GRPC started on port 11808
Hibernate: insert into chave_pix (chave, cliente_id, criado_em, tipo_de_chave, tipo_de_conta, pix_id) values (?, ?, ?, ?, ?, ?)
criou a chaveHibernate: insert into chave_pix (chave, cliente_id, criado_em, tipo_de_chave, tipo_de_conta, pix_id) values (?, ?, ?, ?, ?, ?)
?[36m13:42:30.580?[0;39m ?[1;30m[io-executor-thread-1]?[0;39m ?[34mINFO ?[0;39m ?[35mb.c.z.a.k.s.e.h.ExceptionHandlerInterceptor?[0;39m - Interceptando o metodo: public void br.com.zupacademy.achiley.keyManager.pix.DeletaPixEndpoint.deletar(br.com.zupacademy.achiley.DeletaPixRequest,io.grpc.stub.StreamObserver)
?[36m13:42:30.581?[0;39m ?[1;30m[io-executor-thread-1]?[0;39m ?[34mINFO ?[0;39m ?[35mb.c.z.a.k.pix.CadastroPixEndpoint?[0;39m - Nova tentativa de deleção de pix para o cliente id b3af3798-d24d-43b1-b3e1-0846bbdb8097
?[36m13:42:30.581?[0;39m ?[1;30m[io-executor-thread-1]?[0;39m ?[34mINFO ?[0;39m ?[35mb.c.z.a.k.s.e.h.ExceptionHandlerInterceptor?[0;39m - Interceptando o metodo: public br.com.zupacademy.achiley.keyManager.pix.ChavePixRepository br.com.zupacademy.achiley.keyManager.pix.DeletaPixEndpoint.getRepository()
Hibernate: select chavepix0_.pix_id as col_0_0_ from chave_pix chavepix0_ where chavepix0_.cliente_id=?
?[36m13:42:30.654?[0;39m ?[1;30m[io-executor-thread-1]?[0;39m ?[34mINFO ?[0;39m ?[35mb.c.z.a.k.s.e.h.ExceptionHandlerInterceptor?[0;39m - Interceptando o metodo: public br.com.zupacademy.achiley.keyManager.pix.ChavePixRepository br.com.zupacademy.achiley.keyManager.pix.DeletaPixEndpoint.getRepository()
Hibernate: select chavepix0_.pix_id as pix_id1_0_, chavepix0_.chave as chave2_0_, chavepix0_.cliente_id as cliente_3_0_, chavepix0_.criado_em as criado_e4_0_, chavepix0_.tipo_de_chave as tipo_de_5_0_, chavepix0_.tipo_de_conta as tipo_de_6_0_ from chave_pix chavepix0_ where chavepix0_.pix_id=?
?[36m13:42:30.663?[0;39m ?[1;30m[io-executor-thread-1]?[0;39m ?[34mINFO ?[0;39m ?[35mb.c.z.a.k.s.e.h.ExceptionHandlerInterceptor?[0;39m - Interceptando o metodo: public br.com.zupacademy.achiley.keyManager.integracoes.itau.ItauClient br.com.zupacademy.achiley.keyManager.pix.DeletaPixEndpoint.getItauClient()
antes da requestdepois da requestHibernate: delete from chave_pix
?[36m13:42:31.066?[0;39m ?[1;30m[Test worker]?[0;39m ?[34mINFO ?[0;39m ?[35mcom.zaxxer.hikari.HikariDataSource?[0;39m - HikariPool-1 - Shutdown initiated...
?[36m13:42:31.069?[0;39m ?[1;30m[Test worker]?[0;39m ?[34mINFO ?[0;39m ?[35mcom.zaxxer.hikari.HikariDataSource?[0;39m - HikariPool-1 - Shutdown completed.
]]></system-out>
  <system-err><![CDATA[java.lang.NullPointerException
	at br.com.zupacademy.achiley.keyManager.pix.DeletaPixEndpoint.deletar(DeletaPixEndpoint.kt:45)
	at br.com.zupacademy.achiley.keyManager.pix.$DeletaPixEndpoint$Definition$Intercepted.$$access$$deletar(Unknown Source)
	at br.com.zupacademy.achiley.keyManager.pix.$DeletaPixEndpoint$Definition$Exec.dispatch(Unknown Source)
	at io.micronaut.context.AbstractExecutableMethodsDefinition$DispatchedExecutableMethod.invoke(AbstractExecutableMethodsDefinition.java:338)
	at io.micronaut.aop.chain.MethodInterceptorChain.proceed(MethodInterceptorChain.java:128)
	at br.com.zupacademy.achiley.keyManager.shared.exceptions.handler.ExceptionHandlerInterceptor.intercept(ExceptionHandlerInterceptor.kt:30)
	at io.micronaut.aop.chain.MethodInterceptorChain.proceed(MethodInterceptorChain.java:137)
	at br.com.zupacademy.achiley.keyManager.pix.$DeletaPixEndpoint$Definition$Intercepted.deletar(Unknown Source)
	at br.com.zupacademy.achiley.KeyManagerDeleteServiceGrpc$MethodHandlers.invoke(KeyManagerDeleteServiceGrpc.java:204)
	at io.grpc.stub.ServerCalls$UnaryServerCallHandler$UnaryServerCallListener.onHalfClose(ServerCalls.java:182)
	at io.grpc.internal.ServerCallImpl$ServerStreamListenerImpl.halfClosed(ServerCallImpl.java:331)
	at io.grpc.internal.ServerImpl$JumpToApplicationThreadServerStreamListener$1HalfClosed.runInContext(ServerImpl.java:797)
	at io.grpc.internal.ContextRunnable.run(ContextRunnable.java:37)
	at io.grpc.internal.SerializingExecutor.run(SerializingExecutor.java:123)
	at java.base/java.util.concurrent.ThreadPoolExecutor.runWorker(ThreadPoolExecutor.java:1128)
	at java.base/java.util.concurrent.ThreadPoolExecutor$Worker.run(ThreadPoolExecutor.java:628)
	at java.base/java.lang.Thread.run(Thread.java:834)
]]></system-err>
</testsuite>
